<?xml version="1.0" encoding="UTF-8"?>
<testsuite xmlns:xsi="http://www.w3.org/2001/XMLSchema-instance" xsi:noNamespaceSchemaLocation="https://maven.apache.org/surefire/maven-surefire-plugin/xsd/surefire-test-report.xsd" version="3.0.2" name="com.minimarket.ApiDocumentationIntegrationTest" time="18.277" tests="3" errors="0" skipped="0" failures="0">
  <properties>
[...]
</properties>
  <testcase name="openApiDocumentaTagsParametrosRespuestasYSchemasPrincipales" classname="com.minimarket.ApiDocumentationIntegrationTest" time="2.068">
    <system-out><![CDATA[20:28:33.483 [main] INFO org.springframework.test.context.support.AnnotationConfigContextLoaderUtils -- Could not detect default configuration classes for test class [com.minimarket.ApiDocumentationIntegrationTest]: ApiDocumentationIntegrationTest does not declare any static, non-private, non-final, nested classes annotated with @Configuration.
20:28:33.804 [main] INFO org.springframework.boot.test.context.SpringBootTestContextBootstrapper -- Found @SpringBootConfiguration com.minimarket.MinimarketApplication for test class com.minimarket.ApiDocumentationIntegrationTest
20:28:34.291 [main] INFO org.springframework.boot.devtools.restart.RestartApplicationListener -- Restart disabled due to context in which it is running

  .   ____          _            __ _ _
 /\\ / ___'_ __ _ _(_)_ __  __ _ \ \ \ \
( ( )\___ | '_ | '_| | '_ \/ _` | \ \ \ \
 \\/  ___)| |_)| | | | | || (_| |  ) ) ) )
  '  |____| .__|_| |_|_| |_\__, | / / / /
 =========|_|==============|___/=/_/_/_/

 :: Spring Boot ::                (v3.4.1)

2026-07-18T20:28:35.052-04:00  INFO 25460 --- [minimarket] [           main] c.m.ApiDocumentationIntegrationTest      : Starting ApiDocumentationIntegrationTest using Java 21.0.10 with PID 25460 (started by Marialex in C:\Users\Marialex\Documents\EFT Bac kend II\minimarket)
2026-07-18T20:28:35.055-04:00  INFO 25460 --- [minimarket] [           main] c.m.ApiDocumentationIntegrationTest      : No active profile set, falling back to 1 default profile: "default"
2026-07-18T20:28:37.704-04:00  INFO 25460 --- [minimarket] [           main] .s.d.r.c.RepositoryConfigurationDelegate : Bootstrapping Spring Data JPA repositories in DEFAULT mode.
2026-07-18T20:28:38.003-04:00  INFO 25460 --- [minimarket] [           main] .s.d.r.c.RepositoryConfigurationDelegate : Finished Spring Data repository scanning in 231 ms. Found 8 JPA repository interfaces.
2026-07-18T20:28:39.616-04:00  INFO 25460 --- [minimarket] [           main] o.hibernate.jpa.internal.util.LogHelper  : HHH000204: Processing PersistenceUnitInfo [name: default]
2026-07-18T20:28:39.861-04:00  INFO 25460 --- [minimarket] [           main] org.hibernate.Version                    : HHH000412: Hibernate ORM core version 6.6.4.Final
2026-07-18T20:28:40.026-04:00  INFO 25460 --- [minimarket] [           main] o.h.c.internal.RegionFactoryInitiator    : HHH000026: Second-level cache disabled
2026-07-18T20:28:40.905-04:00  INFO 25460 --- [minimarket] [           main] o.s.o.j.p.SpringPersistenceUnitInfo      : No LoadTimeWeaver setup: ignoring JPA class transformer
2026-07-18T20:28:41.007-04:00  INFO 25460 --- [minimarket] [           main] com.zaxxer.hikari.HikariDataSource       : HikariPool-1 - Starting...
2026-07-18T20:28:41.922-04:00  INFO 25460 --- [minimarket] [           main] com.zaxxer.hikari.pool.HikariPool        : HikariPool-1 - Added connection conn0: url=jdbc:h2:mem:testdb user=SA
2026-07-18T20:28:41.927-04:00  INFO 25460 --- [minimarket] [           main] com.zaxxer.hikari.HikariDataSource       : HikariPool-1 - Start completed.
2026-07-18T20:28:41.986-04:00  WARN 25460 --- [minimarket] [           main] org.hibernate.orm.deprecation            : HHH90000025: H2Dialect does not need to be specified explicitly using 'hibernate.dialect' (remove the property setting and it will be selected by default)
2026-07-18T20:28:42.046-04:00  INFO 25460 --- [minimarket] [           main] org.hibernate.orm.connections.pooling    : HHH10001005: Database info:
	Database JDBC URL [Connecting through datasource 'HikariDataSource (HikariPool-1)']
	Database driver: undefined/unknown
	Database version: 2.3.232
	Autocommit mode: undefined/unknown
	Isolation level: undefined/unknown
	Minimum pool size: undefined/unknown
	Maximum pool size: undefined/unknown
2026-07-18T20:28:44.970-04:00  INFO 25460 --- [minimarket] [           main] o.h.e.t.j.p.i.JtaPlatformInitiator       : HHH000489: No JTA platform available (set 'hibernate.transaction.jta.platform' to enable JTA platform integration)
Hibernate: create table carrito (id bigint generated by default as identity, cantidad integer not null, producto_id bigint not null, usuario_id bigint not null, primary key (id))
Hibernate: create table categoria (id bigint generated by default as identity, nombre varchar(255) not null, primary key (id))
Hibernate: create table detalle_venta (id bigint generated by default as identity, cantidad integer not null, precio float(53) not null, producto_id bigint not null, venta_id bigint not null, primary key (id))
Hibernate: create table inventario (id bigint generated by default as identity, cantidad integer not null, fecha_movimiento timestamp(6) not null, tipo_movimiento varchar(255) not null, producto_id bigint not null, primary key (id))
Hibernate: create table producto (id bigint generated by default as identity, nombre varchar(255) not null, precio float(53) not null, stock integer not null, categoria_id bigint not null, primary key (id))
Hibernate: create table rol (id bigint generated by default as identity, nombre varchar(255) not null, primary key (id))
Hibernate: create table usuario (id bigint generated by default as identity, password varchar(255) not null, username varchar(255) not null, primary key (id))
Hibernate: create table usuario_roles (usuario_id bigint not null, rol_id bigint not null, primary key (usuario_id, rol_id))
Hibernate: create table venta (id bigint generated by default as identity, fecha timestamp(6) not null, usuario_id bigint not null, primary key (id))
Hibernate: alter table if exists categoria drop constraint if exists UK35t4wyxqrevf09uwx9e9p6o75
Hibernate: alter table if exists categoria add constraint UK35t4wyxqrevf09uwx9e9p6o75 unique (nombre)
Hibernate: alter table if exists rol drop constraint if exists UK43kr6s7bts1wqfv43f7jd87kp
Hibernate: alter table if exists rol add constraint UK43kr6s7bts1wqfv43f7jd87kp unique (nombre)
Hibernate: alter table if exists usuario drop constraint if exists UK863n1y3x0jalatoir4325ehal
Hibernate: alter table if exists usuario add constraint UK863n1y3x0jalatoir4325ehal unique (username)
Hibernate: alter table if exists carrito add constraint FKg0fspf9ac00r9i2m9wgmy4914 foreign key (producto_id) references producto
Hibernate: alter table if exists carrito add constraint FK8ymop2vbmxmjq6ehl5vj3hpqm foreign key (usuario_id) references usuario
Hibernate: alter table if exists detalle_venta add constraint FKmi06vmeg5th7wdow1mxcqg78e foreign key (producto_id) references producto
Hibernate: alter table if exists detalle_venta add constraint FKhj0bf0515yg7equ11ab4xgq3f foreign key (venta_id) references venta
Hibernate: alter table if exists inventario add constraint FK2jpmjsxwl42blfea24vda6fs6 foreign key (producto_id) references producto
Hibernate: alter table if exists producto add constraint FKodqr7965ok9rwquj1utiamt0m foreign key (categoria_id) references categoria
Hibernate: alter table if exists usuario_roles add constraint FK5t0qwiwrk6j50h2v5lneckajq foreign key (rol_id) references rol
Hibernate: alter table if exists usuario_roles add constraint FKqblnumndby0ftm4c7sg6uso6p foreign key (usuario_id) references usuario
Hibernate: alter table if exists venta add constraint FKb28d98ltkhb0f8g3qypy8q2tl foreign key (usuario_id) references usuario
2026-07-18T20:28:45.236-04:00  INFO 25460 --- [minimarket] [           main] j.LocalContainerEntityManagerFactoryBean : Initialized JPA EntityManagerFactory for persistence unit 'default'
2026-07-18T20:28:46.147-04:00  INFO 25460 --- [minimarket] [           main] eAuthenticationProviderManagerConfigurer : Global AuthenticationManager configured with AuthenticationProvider bean with name authenticationProvider
2026-07-18T20:28:46.149-04:00  WARN 25460 --- [minimarket] [           main] r$InitializeUserDetailsManagerConfigurer : Global AuthenticationManager configured with an AuthenticationProvider bean. UserDetailsService beans will not be used by Spring Security for automatically configuring username/password login. Consider removing the AuthenticationProvider bean. Alternatively, consider using the UserDetailsService in a manually instantiated DaoAuthenticationProvider. If the current configuration is intentional, to turn off this warning, increase the logging level of 'org.springframework.security.config.annotation.authentication.configuration.InitializeUserDetailsBeanManagerConfigurer' to ERROR
2026-07-18T20:28:46.379-04:00  WARN 25460 --- [minimarket] [           main] JpaBaseConfiguration$JpaWebConfiguration : spring.jpa.open-in-view is enabled by default. Therefore, database queries may be performed during view rendering. Explicitly configure spring.jpa.open-in-view to disable this warning
2026-07-18T20:28:47.579-04:00  INFO 25460 --- [minimarket] [           main] o.s.b.a.h2.H2ConsoleAutoConfiguration    : H2 console available at '/h2-console'. Database available at 'jdbc:h2:mem:testdb'
2026-07-18T20:28:47.769-04:00  INFO 25460 --- [minimarket] [           main] o.s.b.t.m.w.SpringBootMockServletContext : Initializing Spring TestDispatcherServlet ''
2026-07-18T20:28:47.769-04:00  INFO 25460 --- [minimarket] [           main] o.s.t.web.servlet.TestDispatcherServlet  : Initializing Servlet ''
2026-07-18T20:28:47.769-04:00  INFO 25460 --- [minimarket] [           main] o.s.t.web.servlet.TestDispatcherServlet  : Completed initialization in 0 ms
2026-07-18T20:28:47.816-04:00  INFO 25460 --- [minimarket] [           main] c.m.ApiDocumentationIntegrationTest      : Started ApiDocumentationIntegrationTest in 13.562 seconds (process running for 16.346)
Hibernate: select r1_0.id,r1_0.nombre from rol r1_0 where r1_0.nombre=?
Hibernate: insert into rol (nombre,id) values (?,default)
Hibernate: select r1_0.id,r1_0.nombre from rol r1_0 where r1_0.nombre=?
Hibernate: insert into rol (nombre,id) values (?,default)
Hibernate: select r1_0.id,r1_0.nombre from rol r1_0 where r1_0.nombre=?
Hibernate: insert into rol (nombre,id) values (?,default)
Hibernate: select r1_0.id,r1_0.nombre from rol r1_0 where r1_0.nombre=?
Hibernate: insert into rol (nombre,id) values (?,default)
Hibernate: select u1_0.id,u1_0.password,u1_0.username from usuario u1_0 where u1_0.username=?
Hibernate: insert into usuario (password,username,id) values (?,?,default)
Hibernate: insert into usuario_roles (usuario_id,rol_id) values (?,?)
Hibernate: select u1_0.id,u1_0.password,u1_0.username from usuario u1_0 where u1_0.username=?
Hibernate: insert into usuario (password,username,id) values (?,?,default)
Hibernate: insert into usuario_roles (usuario_id,rol_id) values (?,?)
Hibernate: select u1_0.id,u1_0.password,u1_0.username from usuario u1_0 where u1_0.username=?
Hibernate: insert into usuario (password,username,id) values (?,?,default)
Hibernate: insert into usuario_roles (usuario_id,rol_id) values (?,?)
Hibernate: select u1_0.id,u1_0.password,u1_0.username from usuario u1_0 where u1_0.username=?
Hibernate: insert into usuario (password,username,id) values (?,?,default)
Hibernate: insert into usuario_roles (usuario_id,rol_id) values (?,?)
Hibernate: select c1_0.id,c1_0.nombre from categoria c1_0 where c1_0.nombre=?
Hibernate: insert into categoria (nombre,id) values (?,default)
Hibernate: select c1_0.id,c1_0.nombre from categoria c1_0 where c1_0.nombre=?
Hibernate: insert into categoria (nombre,id) values (?,default)
Hibernate: select c1_0.id,c1_0.nombre from categoria c1_0 where c1_0.nombre=?
Hibernate: insert into categoria (nombre,id) values (?,default)
Hibernate: select c1_0.id,c1_0.nombre from categoria c1_0 where c1_0.nombre=?
Hibernate: insert into categoria (nombre,id) values (?,default)
Hibernate: select c1_0.id,c1_0.nombre from categoria c1_0 where c1_0.nombre=?
Hibernate: insert into categoria (nombre,id) values (?,default)
Hibernate: select c1_0.id,c1_0.nombre from categoria c1_0 where c1_0.nombre=?
Hibernate: insert into categoria (nombre,id) values (?,default)
Hibernate: select p1_0.id,p1_0.categoria_id,p1_0.nombre,p1_0.precio,p1_0.stock from producto p1_0 where p1_0.nombre=?
Hibernate: insert into producto (categoria_id,nombre,precio,stock,id) values (?,?,?,?,default)
Hibernate: select p1_0.id,p1_0.categoria_id,p1_0.nombre,p1_0.precio,p1_0.stock from producto p1_0 where p1_0.nombre=?
Hibernate: insert into producto (categoria_id,nombre,precio,stock,id) values (?,?,?,?,default)
Hibernate: select p1_0.id,p1_0.categoria_id,p1_0.nombre,p1_0.precio,p1_0.stock from producto p1_0 where p1_0.nombre=?
Hibernate: insert into producto (categoria_id,nombre,precio,stock,id) values (?,?,?,?,default)
Hibernate: select p1_0.id,p1_0.categoria_id,p1_0.nombre,p1_0.precio,p1_0.stock from producto p1_0 where p1_0.nombre=?
Hibernate: insert into producto (categoria_id,nombre,precio,stock,id) values (?,?,?,?,default)
Hibernate: select p1_0.id,p1_0.categoria_id,p1_0.nombre,p1_0.precio,p1_0.stock from producto p1_0 where p1_0.nombre=?
Hibernate: insert into producto (categoria_id,nombre,precio,stock,id) values (?,?,?,?,default)
Hibernate: select p1_0.id,p1_0.categoria_id,p1_0.nombre,p1_0.precio,p1_0.stock from producto p1_0 where p1_0.nombre=?
Hibernate: insert into producto (categoria_id,nombre,precio,stock,id) values (?,?,?,?,default)
Hibernate: select p1_0.id,p1_0.categoria_id,p1_0.nombre,p1_0.precio,p1_0.stock from producto p1_0 where p1_0.nombre=?
Hibernate: insert into producto (categoria_id,nombre,precio,stock,id) values (?,?,?,?,default)
Hibernate: select p1_0.id,p1_0.categoria_id,p1_0.nombre,p1_0.precio,p1_0.stock from producto p1_0 where p1_0.nombre=?
Hibernate: insert into producto (categoria_id,nombre,precio,stock,id) values (?,?,?,?,default)
Hibernate: select p1_0.id,p1_0.categoria_id,p1_0.nombre,p1_0.precio,p1_0.stock from producto p1_0 where p1_0.nombre=?
Hibernate: insert into producto (categoria_id,nombre,precio,stock,id) values (?,?,?,?,default)
Hibernate: select p1_0.id,p1_0.categoria_id,p1_0.nombre,p1_0.precio,p1_0.stock from producto p1_0 where p1_0.nombre=?
Hibernate: insert into producto (categoria_id,nombre,precio,stock,id) values (?,?,?,?,default)
Hibernate: select p1_0.id,p1_0.categoria_id,p1_0.nombre,p1_0.precio,p1_0.stock from producto p1_0 where p1_0.nombre=?
Hibernate: insert into producto (categoria_id,nombre,precio,stock,id) values (?,?,?,?,default)
Hibernate: select p1_0.id,p1_0.categoria_id,p1_0.nombre,p1_0.precio,p1_0.stock from producto p1_0 where p1_0.nombre=?
Hibernate: insert into producto (categoria_id,nombre,precio,stock,id) values (?,?,?,?,default)
Hibernate: select p1_0.id,p1_0.categoria_id,p1_0.nombre,p1_0.precio,p1_0.stock from producto p1_0 where p1_0.nombre=?
Hibernate: insert into producto (categoria_id,nombre,precio,stock,id) values (?,?,?,?,default)
Hibernate: select p1_0.id,p1_0.categoria_id,p1_0.nombre,p1_0.precio,p1_0.stock from producto p1_0 where p1_0.nombre=?
Hibernate: insert into producto (categoria_id,nombre,precio,stock,id) values (?,?,?,?,default)
Hibernate: select count(*) from inventario i1_0
Hibernate: insert into inventario (cantidad,fecha_movimiento,producto_id,tipo_movimiento,id) values (?,?,?,?,default)
Hibernate: insert into inventario (cantidad,fecha_movimiento,producto_id,tipo_movimiento,id) values (?,?,?,?,default)
Hibernate: insert into inventario (cantidad,fecha_movimiento,producto_id,tipo_movimiento,id) values (?,?,?,?,default)
Hibernate: insert into inventario (cantidad,fecha_movimiento,producto_id,tipo_movimiento,id) values (?,?,?,?,default)
Hibernate: insert into inventario (cantidad,fecha_movimiento,producto_id,tipo_movimiento,id) values (?,?,?,?,default)
Hibernate: insert into inventario (cantidad,fecha_movimiento,producto_id,tipo_movimiento,id) values (?,?,?,?,default)
Hibernate: insert into inventario (cantidad,fecha_movimiento,producto_id,tipo_movimiento,id) values (?,?,?,?,default)
Hibernate: insert into inventario (cantidad,fecha_movimiento,producto_id,tipo_movimiento,id) values (?,?,?,?,default)
Hibernate: insert into inventario (cantidad,fecha_movimiento,producto_id,tipo_movimiento,id) values (?,?,?,?,default)
Hibernate: insert into inventario (cantidad,fecha_movimiento,producto_id,tipo_movimiento,id) values (?,?,?,?,default)
Hibernate: insert into inventario (cantidad,fecha_movimiento,producto_id,tipo_movimiento,id) values (?,?,?,?,default)
Hibernate: insert into inventario (cantidad,fecha_movimiento,producto_id,tipo_movimiento,id) values (?,?,?,?,default)
Hibernate: select count(*) from carrito c1_0
Hibernate: insert into carrito (cantidad,producto_id,usuario_id,id) values (?,?,?,default)
Hibernate: insert into carrito (cantidad,producto_id,usuario_id,id) values (?,?,?,default)
Hibernate: insert into carrito (cantidad,producto_id,usuario_id,id) values (?,?,?,default)
Hibernate: insert into carrito (cantidad,producto_id,usuario_id,id) values (?,?,?,default)
Hibernate: insert into carrito (cantidad,producto_id,usuario_id,id) values (?,?,?,default)
Hibernate: insert into carrito (cantidad,producto_id,usuario_id,id) values (?,?,?,default)
2026-07-18T20:28:50.976-04:00  INFO 25460 --- [minimarket] [           main] o.springdoc.api.AbstractOpenApiResource  : Init duration for springdoc-openapi is: 1266 ms
]]></system-out>
    <system-err><![CDATA[Mockito is currently self-attaching to enable the inline-mock-maker. This will no longer work in future releases of the JDK. Please add Mockito as an agent to your build what is described in Mockito's documentation: https://javadoc.io/doc/org.mockito/mockito-core/latest/org/mockito/Mockito.html#0.3
WARNING: A Java agent has been loaded dynamically (C:\Users\Marialex\.m2\repository\net\bytebuddy\byte-buddy-agent\1.15.11\byte-buddy-agent-1.15.11.jar)
WARNING: If a serviceability tool is in use, please run with -XX:+EnableDynamicAgentLoading to hide this warning
WARNING: If a serviceability tool is not in use, please run with -Djdk.instrument.traceUsage for more information
WARNING: Dynamic loading of agents will be disallowed by default in a future release
]]></system-err>
  </testcase>
  <testcase name="swaggerUiEstaDisponible" classname="com.minimarket.ApiDocumentationIntegrationTest" time="0.104"/>
  <testcase name="openApiJsonEstaDisponibleYDocumentaSeguridadBearer" classname="com.minimarket.ApiDocumentationIntegrationTest" time="0.02"/>
</testsuite>